<?xml version="1.0" encoding="UTF-8"?>
<!-- Generated by org.testng.reporters.JUnitReportReporter -->
<testsuite hostname="tester" failures="0" tests="1" name="com.selenium.testNG.Class4_TestNG" time="0.020" errors="0" timestamp="2025-02-26T15:57:12 IST" skipped="0">
  <testcase classname="com.selenium.testNG.Class4_TestNG" name="m2" time="0.020"/>
  <system-out/>
</testsuite> <!-- com.selenium.testNG.Class4_TestNG -->
