<?xml version="1.0" encoding="UTF-8"?>
<!-- Generated by org.testng.reporters.JUnitReportReporter -->
<testsuite hostname="tester" failures="0" tests="4" name="com.selenium.testNG.Class16_TestNG" time="0.012" errors="0" timestamp="2025-02-25T14:49:42 IST" skipped="0">
  <testcase classname="com.selenium.testNG.Class16_TestNG" name="m10" time="0.008"/>
  <system-out/>
  <testcase classname="com.selenium.testNG.Class16_TestNG" name="m10" time="0.002"/>
  <system-out/>
  <testcase classname="com.selenium.testNG.Class16_TestNG" name="m10" time="0.001"/>
  <system-out/>
  <testcase classname="com.selenium.testNG.Class16_TestNG" name="m10" time="0.001"/>
  <system-out/>
</testsuite> <!-- com.selenium.testNG.Class16_TestNG -->
