<?xml version="1.0" encoding="UTF-8"?>
<!-- Generated by org.testng.reporters.JUnitReportReporter -->
<testsuite hostname="tester" failures="0" tests="5" name="com.selenium.testNG.Class9_TestNG" time="0.017" errors="0" timestamp="2025-02-20T13:07:55 IST" skipped="0">
  <testcase classname="com.selenium.testNG.Class9_TestNG" name="bank" time="0.012"/>
  <system-out/>
  <testcase classname="com.selenium.testNG.Class9_TestNG" name="amount" time="0.001"/>
  <system-out/>
  <testcase classname="com.selenium.testNG.Class9_TestNG" name="account" time="0.001"/>
  <system-out/>
  <testcase classname="com.selenium.testNG.Class9_TestNG" name="withdraw" time="0.001"/>
  <system-out/>
  <testcase classname="com.selenium.testNG.Class9_TestNG" name="cash" time="0.002"/>
  <system-out/>
</testsuite> <!-- com.selenium.testNG.Class9_TestNG -->
