<?xml version="1.0" encoding="UTF-8"?>
<!-- Generated by org.testng.reporters.JUnitReportReporter -->
<testsuite hostname="tester" failures="0" tests="2" name="com.selenium.testNG.Class23_TestNG" time="0.014" errors="0" timestamp="2025-03-01T15:46:27 IST" skipped="0">
  <testcase classname="com.selenium.testNG.Class23_TestNG" name="testCase1" time="0.011"/>
  <system-out/>
  <testcase classname="com.selenium.testNG.Class23_TestNG" name="testCase2" time="0.003"/>
  <system-out/>
</testsuite> <!-- com.selenium.testNG.Class23_TestNG -->
