<?xml version="1.0" encoding="UTF-8"?>
<!-- Generated by org.testng.reporters.JUnitReportReporter -->
<testsuite hostname="tester" failures="0" tests="13" name="com.selenium.testNG.Class19_TestNG" time="0.041" errors="0" timestamp="2025-03-03T12:14:01 IST" skipped="0">
  <testcase classname="com.selenium.testNG.Class19_TestNG" name="callingData" time="0.000"/>
  <system-out/>
  <testcase classname="com.selenium.testNG.Class19_TestNG" name="callingData" time="0.005"/>
  <system-out/>
  <testcase classname="com.selenium.testNG.Class19_TestNG" name="callingData" time="0.013"/>
  <system-out/>
  <testcase classname="com.selenium.testNG.Class19_TestNG" name="callingData" time="0.003"/>
  <system-out/>
  <testcase classname="com.selenium.testNG.Class19_TestNG" name="callingData" time="0.001"/>
  <system-out/>
  <testcase classname="com.selenium.testNG.Class19_TestNG" name="callingData" time="0.001"/>
  <system-out/>
  <testcase classname="com.selenium.testNG.Class19_TestNG" name="callingData" time="0.006"/>
  <system-out/>
  <testcase classname="com.selenium.testNG.Class19_TestNG" name="callingData" time="0.001"/>
  <system-out/>
  <testcase classname="com.selenium.testNG.Class19_TestNG" name="callingData" time="0.001"/>
  <system-out/>
  <testcase classname="com.selenium.testNG.Class19_TestNG" name="callingData" time="0.001"/>
  <system-out/>
  <testcase classname="com.selenium.testNG.Class19_TestNG" name="callingData" time="0.001"/>
  <system-out/>
  <testcase classname="com.selenium.testNG.Class19_TestNG" name="callingData" time="0.004"/>
  <system-out/>
  <testcase classname="com.selenium.testNG.Class19_TestNG" name="callingData" time="0.004"/>
  <system-out/>
</testsuite> <!-- com.selenium.testNG.Class19_TestNG -->
