<?xml version="1.0" encoding="UTF-8"?>
<!-- Generated by org.testng.reporters.JUnitReportReporter -->
<testsuite hostname="tester" failures="0" tests="2" name="com.selenium.testNG.Class1_testNG" time="0.011" errors="0" timestamp="2025-02-26T15:49:07 IST" skipped="0">
  <testcase classname="com.selenium.testNG.Class1_testNG" name="m1" time="0.009"/>
  <system-out/>
  <testcase classname="com.selenium.testNG.Class1_testNG" name="m2" time="0.002"/>
  <system-out/>
</testsuite> <!-- com.selenium.testNG.Class1_testNG -->
