<?xml version="1.0" encoding="UTF-8"?>
<!-- Generated by org.testng.reporters.JUnitReportReporter -->
<testsuite hostname="tester" failures="0" tests="5" name="com.selenium.testNG.Class13_TestNG" time="0.023" errors="0" timestamp="2025-02-24T16:04:53 IST" skipped="0">
  <testcase classname="com.selenium.testNG.Class13_TestNG" name="FF" time="0.003"/>
  <system-out/>
  <testcase classname="com.selenium.testNG.Class13_TestNG" name="BB" time="0.002"/>
  <system-out/>
  <testcase classname="com.selenium.testNG.Class13_TestNG" name="AA" time="0.011"/>
  <system-out/>
  <testcase classname="com.selenium.testNG.Class13_TestNG" name="CC" time="0.004"/>
  <system-out/>
  <testcase classname="com.selenium.testNG.Class13_TestNG" name="EE" time="0.003"/>
  <system-out/>
</testsuite> <!-- com.selenium.testNG.Class13_TestNG -->
