<?xml version="1.0" encoding="UTF-8"?>
<!-- Generated by org.testng.reporters.JUnitReportReporter -->
<testsuite hostname="tester" failures="0" tests="5" name="com.selenium.testNG.Class20_TestNG" time="0.017" errors="0" timestamp="2025-03-01T14:20:35 IST" skipped="0">
  <testcase classname="com.selenium.testNG.Class20_TestNG" name="method1" time="0.001"/>
  <system-out/>
  <testcase classname="com.selenium.testNG.Class20_TestNG" name="method1" time="0.001"/>
  <system-out/>
  <testcase classname="com.selenium.testNG.Class20_TestNG" name="method1" time="0.001"/>
  <system-out/>
  <testcase classname="com.selenium.testNG.Class20_TestNG" name="method1" time="0.011"/>
  <system-out/>
  <testcase classname="com.selenium.testNG.Class20_TestNG" name="method1" time="0.003"/>
  <system-out/>
</testsuite> <!-- com.selenium.testNG.Class20_TestNG -->
