<?xml version="1.0" encoding="UTF-8"?>
<!-- Generated by org.testng.reporters.JUnitReportReporter -->
<testsuite hostname="tester" failures="0" tests="3" name="com.selenium.testNG.Class5_TestNG" time="0.015" errors="0" timestamp="2025-02-24T11:41:09 IST" skipped="0">
  <testcase classname="com.selenium.testNG.Class5_TestNG" name="m2" time="0.003"/>
  <system-out/>
  <testcase classname="com.selenium.testNG.Class5_TestNG" name="m2" time="0.010"/>
  <system-out/>
  <testcase classname="com.selenium.testNG.Class5_TestNG" name="m2" time="0.002"/>
  <system-out/>
</testsuite> <!-- com.selenium.testNG.Class5_TestNG -->
