<?xml version="1.0" encoding="UTF-8"?>
<!-- Generated by org.testng.reporters.JUnitReportReporter -->
<testsuite hostname="tester" failures="0" tests="10" name="com.selenium.testNG.Class8_TestNG" time="0.052" errors="0" timestamp="2025-02-20T12:51:32 IST" skipped="0">
  <testcase classname="com.selenium.testNG.Class8_TestNG" name="ATM" time="0.004"/>
  <system-out/>
  <testcase classname="com.selenium.testNG.Class8_TestNG" name="checkbook" time="0.008"/>
  <system-out/>
  <testcase classname="com.selenium.testNG.Class8_TestNG" name="withdraw" time="0.003"/>
  <system-out/>
  <testcase classname="com.selenium.testNG.Class8_TestNG" name="account" time="0.013"/>
  <system-out/>
  <testcase classname="com.selenium.testNG.Class8_TestNG" name="checkBalance" time="0.008"/>
  <system-out/>
  <testcase classname="com.selenium.testNG.Class8_TestNG" name="amount" time="0.003"/>
  <system-out/>
  <testcase classname="com.selenium.testNG.Class8_TestNG" name="cash" time="0.002"/>
  <system-out/>
  <testcase classname="com.selenium.testNG.Class8_TestNG" name="pendingBalance" time="0.006"/>
  <system-out/>
  <testcase classname="com.selenium.testNG.Class8_TestNG" name="passbook" time="0.004"/>
  <system-out/>
  <testcase classname="com.selenium.testNG.Class8_TestNG" name="bank" time="0.001"/>
  <system-out/>
</testsuite> <!-- com.selenium.testNG.Class8_TestNG -->
