<?xml version="1.0" encoding="UTF-8"?>
<!-- Generated by org.testng.reporters.JUnitReportReporter -->
<testsuite hostname="tester" failures="0" tests="7" name="com.selenium.testNG.Class12_TestNG" time="0.035" errors="0" timestamp="2025-02-24T15:59:44 IST" skipped="0">
  <testcase classname="com.selenium.testNG.Class12_TestNG" name="login" time="0.012"/>
  <system-out/>
  <testcase classname="com.selenium.testNG.Class12_TestNG" name="home" time="0.003"/>
  <system-out/>
  <testcase classname="com.selenium.testNG.Class12_TestNG" name="product" time="0.008"/>
  <system-out/>
  <testcase classname="com.selenium.testNG.Class12_TestNG" name="rate" time="0.002"/>
  <system-out/>
  <testcase classname="com.selenium.testNG.Class12_TestNG" name="addToCart" time="0.003"/>
  <system-out/>
  <testcase classname="com.selenium.testNG.Class12_TestNG" name="payment" time="0.003"/>
  <system-out/>
  <testcase classname="com.selenium.testNG.Class12_TestNG" name="deleviryDone" time="0.004"/>
  <system-out/>
</testsuite> <!-- com.selenium.testNG.Class12_TestNG -->
