<?xml version="1.0" encoding="UTF-8"?>
<!-- Generated by org.testng.reporters.JUnitReportReporter -->
<testsuite hostname="tester" failures="0" tests="5" name="com.selenium.testNG.Class22_TestNG" time="0.018" errors="0" timestamp="2025-03-01T14:52:54 IST" skipped="0">
  <testcase classname="com.selenium.testNG.Class22_TestNG" name="optional" time="0.003"/>
  <system-out/>
  <testcase classname="com.selenium.testNG.Class22_TestNG" name="optional" time="0.001"/>
  <system-out/>
  <testcase classname="com.selenium.testNG.Class22_TestNG" name="optional" time="0.011"/>
  <system-out/>
  <testcase classname="com.selenium.testNG.Class22_TestNG" name="optional" time="0.002"/>
  <system-out/>
  <testcase classname="com.selenium.testNG.Class22_TestNG" name="optional" time="0.001"/>
  <system-out/>
</testsuite> <!-- com.selenium.testNG.Class22_TestNG -->
