<?xml version="1.0" encoding="UTF-8"?>
<!-- Generated by org.testng.reporters.JUnitReportReporter -->
<testsuite hostname="tester" failures="0" tests="2" name="com.selenium.testNG.Class25_TestNG" time="52.280" errors="0" timestamp="2025-03-03T15:48:30 IST" skipped="0">
  <testcase classname="com.selenium.testNG.Class25_TestNG" name="indian" time="30.505"/>
  <system-out/>
  <testcase classname="com.selenium.testNG.Class25_TestNG" name="indian2" time="21.775"/>
  <system-out/>
</testsuite> <!-- com.selenium.testNG.Class25_TestNG -->
