<?xml version="1.0" encoding="UTF-8"?>
<!-- Generated by org.testng.reporters.JUnitReportReporter -->
<testsuite hostname="tester" failures="0" tests="1" name="com.selenium.testNG.Class10_TestNG" time="10.061" errors="0" timestamp="2025-02-21T16:12:49 IST" skipped="0">
  <testcase classname="com.selenium.testNG.Class10_TestNG" name="m2" time="10.061"/>
  <system-out/>
</testsuite> <!-- com.selenium.testNG.Class10_TestNG -->
