<?xml version="1.0" encoding="UTF-8"?>
<!-- Generated by org.testng.reporters.JUnitReportReporter -->
<testsuite hostname="tester" failures="0" tests="14" name="com.selenium.testNG.Class15_TestNG" time="0.056" errors="0" timestamp="2025-02-24T16:59:28 IST" skipped="0">
  <testcase classname="com.selenium.testNG.Class15_TestNG" name="m3" time="0.005"/>
  <system-out/>
  <testcase classname="com.selenium.testNG.Class15_TestNG" name="m3" time="0.004"/>
  <system-out/>
  <testcase classname="com.selenium.testNG.Class15_TestNG" name="m3" time="0.003"/>
  <system-out/>
  <testcase classname="com.selenium.testNG.Class15_TestNG" name="m10" time="0.001"/>
  <system-out/>
  <testcase classname="com.selenium.testNG.Class15_TestNG" name="m2" time="0.002"/>
  <system-out/>
  <testcase classname="com.selenium.testNG.Class15_TestNG" name="m10" time="0.008"/>
  <system-out/>
  <testcase classname="com.selenium.testNG.Class15_TestNG" name="m10" time="0.002"/>
  <system-out/>
  <testcase classname="com.selenium.testNG.Class15_TestNG" name="m2" time="0.008"/>
  <system-out/>
  <testcase classname="com.selenium.testNG.Class15_TestNG" name="m2" time="0.004"/>
  <system-out/>
  <testcase classname="com.selenium.testNG.Class15_TestNG" name="m2" time="0.001"/>
  <system-out/>
  <testcase classname="com.selenium.testNG.Class15_TestNG" name="m10" time="0.002"/>
  <system-out/>
  <testcase classname="com.selenium.testNG.Class15_TestNG" name="m3" time="0.008"/>
  <system-out/>
  <testcase classname="com.selenium.testNG.Class15_TestNG" name="m3" time="0.003"/>
  <system-out/>
  <testcase classname="com.selenium.testNG.Class15_TestNG" name="m2" time="0.005"/>
  <system-out/>
</testsuite> <!-- com.selenium.testNG.Class15_TestNG -->
