<?xml version="1.0" encoding="UTF-8"?>
<!-- Generated by org.testng.reporters.JUnitReportReporter -->
<testsuite hostname="tester" failures="0" tests="5" name="com.selenium.testNG.Class11_TestNG" time="0.019" errors="0" timestamp="2025-02-26T12:18:47 IST" skipped="0">
  <testcase classname="com.selenium.testNG.Class11_TestNG" name="product" time="0.003"/>
  <system-out/>
  <testcase classname="com.selenium.testNG.Class11_TestNG" name="article" time="0.002"/>
  <system-out/>
  <testcase classname="com.selenium.testNG.Class11_TestNG" name="home" time="0.010"/>
  <system-out/>
  <testcase classname="com.selenium.testNG.Class11_TestNG" name="login" time="0.001"/>
  <system-out/>
  <testcase classname="com.selenium.testNG.Class11_TestNG" name="logout" time="0.003"/>
  <system-out/>
</testsuite> <!-- com.selenium.testNG.Class11_TestNG -->
