<?xml version="1.0" encoding="UTF-8"?>
<!-- Generated by org.testng.reporters.JUnitReportReporter -->
<testsuite hostname="tester" failures="0" tests="10" name="com.selenium.testNG.Class7_TestNG2" time="0.035" errors="0" timestamp="2025-02-20T12:41:26 IST" skipped="0">
  <testcase classname="com.selenium.testNG.Class7_TestNG2" name="account" time="0.008"/>
  <system-out/>
  <testcase classname="com.selenium.testNG.Class7_TestNG2" name="amount" time="0.003"/>
  <system-out/>
  <testcase classname="com.selenium.testNG.Class7_TestNG2" name="cash" time="0.002"/>
  <system-out/>
  <testcase classname="com.selenium.testNG.Class7_TestNG2" name="bank" time="0.002"/>
  <system-out/>
  <testcase classname="com.selenium.testNG.Class7_TestNG2" name="withdraw" time="0.003"/>
  <system-out/>
  <testcase classname="com.selenium.testNG.Class7_TestNG2" name="checkBalance" time="0.004"/>
  <system-out/>
  <testcase classname="com.selenium.testNG.Class7_TestNG2" name="pendingBalance" time="0.009"/>
  <system-out/>
  <testcase classname="com.selenium.testNG.Class7_TestNG2" name="ATM" time="0.002"/>
  <system-out/>
  <testcase classname="com.selenium.testNG.Class7_TestNG2" name="passbook" time="0.001"/>
  <system-out/>
  <testcase classname="com.selenium.testNG.Class7_TestNG2" name="checkbook" time="0.001"/>
  <system-out/>
</testsuite> <!-- com.selenium.testNG.Class7_TestNG2 -->
