<?xml version="1.0" encoding="UTF-8"?>
<!-- Generated by org.testng.reporters.JUnitReportReporter -->
<testsuite hostname="tester" failures="0" tests="1" name="com.selenium.testNG.Class2_TestNG" time="17.685" errors="0" timestamp="2025-04-04T16:08:20 IST" skipped="0">
  <testcase classname="com.selenium.testNG.Class2_TestNG" name="m2" time="17.685"/>
  <system-out/>
</testsuite> <!-- com.selenium.testNG.Class2_TestNG -->
