<?xml version="1.0" encoding="UTF-8"?>
<!-- Generated by org.testng.reporters.JUnitReportReporter -->
<testsuite hostname="tester" failures="0" tests="1" name="com.selenium.testNG.A" time="23.907" errors="0" timestamp="2025-02-20T10:47:43 IST" skipped="0">
  <testcase classname="com.selenium.testNG.A" name="m1" time="23.907"/>
  <system-out/>
</testsuite> <!-- com.selenium.testNG.A -->
