<?xml version="1.0" encoding="UTF-8"?>
<!-- Generated by org.testng.reporters.JUnitReportReporter -->
<testsuite hostname="tester" failures="0" tests="10" name="com.selenium.testNG.Class6_TestNG" time="0.039" errors="0" timestamp="2025-02-20T12:17:48 IST" skipped="0">
  <testcase classname="com.selenium.testNG.Class6_TestNG" name="pendingBalance" time="0.002"/>
  <system-out/>
  <testcase classname="com.selenium.testNG.Class6_TestNG" name="ATM" time="0.009"/>
  <system-out/>
  <testcase classname="com.selenium.testNG.Class6_TestNG" name="amount" time="0.004"/>
  <system-out/>
  <testcase classname="com.selenium.testNG.Class6_TestNG" name="checkbook" time="0.005"/>
  <system-out/>
  <testcase classname="com.selenium.testNG.Class6_TestNG" name="cash" time="0.002"/>
  <system-out/>
  <testcase classname="com.selenium.testNG.Class6_TestNG" name="checkBalance" time="0.004"/>
  <system-out/>
  <testcase classname="com.selenium.testNG.Class6_TestNG" name="account" time="0.004"/>
  <system-out/>
  <testcase classname="com.selenium.testNG.Class6_TestNG" name="bank" time="0.002"/>
  <system-out/>
  <testcase classname="com.selenium.testNG.Class6_TestNG" name="passbook" time="0.004"/>
  <system-out/>
  <testcase classname="com.selenium.testNG.Class6_TestNG" name="withdraw" time="0.003"/>
  <system-out/>
</testsuite> <!-- com.selenium.testNG.Class6_TestNG -->
