<?xml version="1.0" encoding="UTF-8"?>
<!-- Generated by org.testng.reporters.JUnitReportReporter -->
<testsuite hostname="tester" failures="0" tests="6" name="com.selenium.testNG.Class18_TestNG" time="0.064" errors="0" timestamp="2025-02-26T12:54:34 IST" skipped="0">
  <testcase classname="com.selenium.testNG.Class18_TestNG" name="data" time="0.008"/>
  <system-out/>
  <testcase classname="com.selenium.testNG.Class18_TestNG" name="data" time="0.007"/>
  <system-out/>
  <testcase classname="com.selenium.testNG.Class18_TestNG" name="data" time="0.009"/>
  <system-out/>
  <testcase classname="com.selenium.testNG.Class18_TestNG" name="data" time="0.005"/>
  <system-out/>
  <testcase classname="com.selenium.testNG.Class18_TestNG" name="data" time="0.012"/>
  <system-out/>
  <testcase classname="com.selenium.testNG.Class18_TestNG" name="data" time="0.023"/>
  <system-out/>
</testsuite> <!-- com.selenium.testNG.Class18_TestNG -->
