<?xml version="1.0" encoding="UTF-8"?>
<!-- Generated by org.testng.reporters.JUnitReportReporter -->
<testsuite hostname="tester" failures="0" tests="5" name="com.selenium.testNG.Class17_TestNG" time="0.016" errors="0" timestamp="2025-05-03T16:45:49 IST" skipped="0">
  <testcase classname="com.selenium.testNG.Class17_TestNG" name="test1" time="0.008"/>
  <system-out/>
  <testcase classname="com.selenium.testNG.Class17_TestNG" name="test2" time="0.001"/>
  <system-out/>
  <testcase classname="com.selenium.testNG.Class17_TestNG" name="test3" time="0.004"/>
  <system-out/>
  <testcase classname="com.selenium.testNG.Class17_TestNG" name="test4" time="0.001"/>
  <system-out/>
  <testcase classname="com.selenium.testNG.Class17_TestNG" name="test5" time="0.002"/>
  <system-out/>
</testsuite> <!-- com.selenium.testNG.Class17_TestNG -->
