<?xml version="1.0" encoding="UTF-8"?>
<!-- Generated by org.testng.reporters.JUnitReportReporter -->
<testsuite hostname="tester" failures="0" tests="12" name="com.selenium.testNG.Class15_TestNG2" time="0.045" errors="0" timestamp="2025-02-25T14:25:42 IST" skipped="0">
  <testcase classname="com.selenium.testNG.Class15_TestNG2" name="method4" time="0.002"/>
  <system-out/>
  <testcase classname="com.selenium.testNG.Class15_TestNG2" name="method1" time="0.002"/>
  <system-out/>
  <testcase classname="com.selenium.testNG.Class15_TestNG2" name="method2" time="0.005"/>
  <system-out/>
  <testcase classname="com.selenium.testNG.Class15_TestNG2" name="method2" time="0.004"/>
  <system-out/>
  <testcase classname="com.selenium.testNG.Class15_TestNG2" name="method2" time="0.003"/>
  <system-out/>
  <testcase classname="com.selenium.testNG.Class15_TestNG2" name="method1" time="0.010"/>
  <system-out/>
  <testcase classname="com.selenium.testNG.Class15_TestNG2" name="method2" time="0.003"/>
  <system-out/>
  <testcase classname="com.selenium.testNG.Class15_TestNG2" name="method1" time="0.002"/>
  <system-out/>
  <testcase classname="com.selenium.testNG.Class15_TestNG2" name="method4" time="0.004"/>
  <system-out/>
  <testcase classname="com.selenium.testNG.Class15_TestNG2" name="method4" time="0.003"/>
  <system-out/>
  <testcase classname="com.selenium.testNG.Class15_TestNG2" name="method4" time="0.005"/>
  <system-out/>
  <testcase classname="com.selenium.testNG.Class15_TestNG2" name="method1" time="0.002"/>
  <system-out/>
</testsuite> <!-- com.selenium.testNG.Class15_TestNG2 -->
