<?xml version="1.0" encoding="UTF-8"?>
<!-- Generated by org.testng.reporters.JUnitReportReporter -->
<testsuite hostname="tester" failures="0" tests="4" name="com.selenium.testNG.Class14_TestNG" time="0.014" errors="0" timestamp="2025-02-24T16:31:49 IST" skipped="0">
  <testcase classname="com.selenium.testNG.Class14_TestNG" name="m6" time="0.002"/>
  <system-out/>
  <testcase classname="com.selenium.testNG.Class14_TestNG" name="m6" time="0.010"/>
  <system-out/>
  <testcase classname="com.selenium.testNG.Class14_TestNG" name="m6" time="0.001"/>
  <system-out/>
  <testcase classname="com.selenium.testNG.Class14_TestNG" name="m6" time="0.001"/>
  <system-out/>
</testsuite> <!-- com.selenium.testNG.Class14_TestNG -->
